<?xml version="1.0" encoding="UTF-8"?>
<!-- Generated by org.testng.reporters.JUnitReportReporter -->
<testsuite skipped="0" hostname="LAPTOP-FHVIN2VS" name="TestNGConcepts.TestNGAnnotations" tests="2" failures="0" timestamp="06 Jul 2020 17:30:50 GMT" time="0.008" errors="0">
  <testcase name="verifyUserName" time="0.004" classname="TestNGConcepts.TestNGAnnotations"/>
  <testcase name="verifyAccountName" time="0.004" classname="TestNGConcepts.TestNGAnnotations"/>
</testsuite> <!-- TestNGConcepts.TestNGAnnotations -->
