<?xml version="1.0" encoding="UTF-8"?>
<!-- Generated by org.testng.reporters.JUnitReportReporter -->
<testsuite skipped="0" hostname="LAPTOP-FHVIN2VS" name="com.myTest.LoginPageTest" tests="2" failures="0" timestamp="07 Jul 2020 17:53:10 GMT" time="20.761" errors="0">
  <testcase name="getLoginPageTitleTest" time="9.581" classname="com.myTest.LoginPageTest"/>
  <testcase name="getLoginPageTitleTest" time="11.180" classname="com.myTest.LoginPageTest"/>
</testsuite> <!-- com.myTest.LoginPageTest -->
