<?xml version="1.0" encoding="UTF-8"?>
<!-- Generated by org.testng.reporters.JUnitReportReporter -->
<testsuite skipped="0" hostname="LAPTOP-FHVIN2VS" name="TestNGConcepts.PriorityUseCases" tests="8" failures="0" timestamp="06 Jul 2020 17:51:14 GMT" time="0.021" errors="0">
  <testcase name="test8" time="0.001" classname="TestNGConcepts.PriorityUseCases"/>
  <testcase name="test7" time="0.009" classname="TestNGConcepts.PriorityUseCases"/>
  <testcase name="test1" time="0.002" classname="TestNGConcepts.PriorityUseCases"/>
  <testcase name="test3" time="0.001" classname="TestNGConcepts.PriorityUseCases"/>
  <testcase name="test2" time="0.004" classname="TestNGConcepts.PriorityUseCases"/>
  <testcase name="test5" time="0.003" classname="TestNGConcepts.PriorityUseCases"/>
  <testcase name="test4" time="0.001" classname="TestNGConcepts.PriorityUseCases"/>
  <testcase name="test6" time="0.000" classname="TestNGConcepts.PriorityUseCases"/>
</testsuite> <!-- TestNGConcepts.PriorityUseCases -->
