<?xml version="1.0" encoding="UTF-8"?>
<!-- Generated by org.testng.reporters.JUnitReportReporter -->
<testsuite skipped="0" hostname="LAPTOP-FHVIN2VS" name="TestNGConcepts.InvocationCountConcept" tests="10" failures="0" timestamp="07 Jul 2020 16:10:14 GMT" time="0.016" errors="0">
  <testcase name="createUser" time="0.008" classname="TestNGConcepts.InvocationCountConcept"/>
  <testcase name="createUser" time="0.000" classname="TestNGConcepts.InvocationCountConcept"/>
  <testcase name="createUser" time="0.000" classname="TestNGConcepts.InvocationCountConcept"/>
  <testcase name="createUser" time="0.001" classname="TestNGConcepts.InvocationCountConcept"/>
  <testcase name="createUser" time="0.001" classname="TestNGConcepts.InvocationCountConcept"/>
  <testcase name="createUser" time="0.001" classname="TestNGConcepts.InvocationCountConcept"/>
  <testcase name="createUser" time="0.002" classname="TestNGConcepts.InvocationCountConcept"/>
  <testcase name="createUser" time="0.001" classname="TestNGConcepts.InvocationCountConcept"/>
  <testcase name="createUser" time="0.000" classname="TestNGConcepts.InvocationCountConcept"/>
  <testcase name="createUser" time="0.002" classname="TestNGConcepts.InvocationCountConcept"/>
</testsuite> <!-- TestNGConcepts.InvocationCountConcept -->
