<?xml version="1.0" encoding="UTF-8"?>
<!-- Generated by org.testng.reporters.JUnitReportReporter -->
<testsuite skipped="0" hostname="LAPTOP-FHVIN2VS" name="TestNGConcepts.ExpectedExceptions" tests="1" failures="0" timestamp="07 Jul 2020 16:07:16 GMT" time="0.009" errors="0">
  <testcase name="getNumberTest" time="0.009" classname="TestNGConcepts.ExpectedExceptions"/>
</testsuite> <!-- TestNGConcepts.ExpectedExceptions -->
